<?xml version="1.0" encoding="UTF-8"?>
<testng-results ignored="0" total="7" passed="7" failed="0" skipped="0">
  <reporter-output>
  </reporter-output>
  <suite started-at="2023-04-05T00:57:29 EDT" name="Default suite" finished-at="2023-04-05T00:58:13 EDT" duration-ms="43983">
    <groups>
      <group name="cucumber">
        <method signature="AbstractTestNGCucumberTests.runScenario(io.cucumber.testng.PickleWrapper,io.cucumber.testng.FeatureWrapper)[pri:0, instance:runner1.DsAlgoRunner@128d2484]" name="runScenario" class="io.cucumber.testng.AbstractTestNGCucumberTests"/>
      </group> <!-- cucumber -->
    </groups>
    <test started-at="2023-04-05T00:57:29 EDT" name="Default test" finished-at="2023-04-05T00:58:13 EDT" duration-ms="43983">
      <class name="runner1.DsAlgoRunner">
        <test-method is-config="true" signature="setUpClass(org.testng.ITestContext)[pri:0, instance:runner1.DsAlgoRunner@128d2484]" started-at="2023-04-05T00:57:29 EDT" name="setUpClass" finished-at="2023-04-05T00:57:30 EDT" duration-ms="747" status="PASS">
          <params>
            <param index="0">
              <value>
                <![CDATA[org.testng.TestRunner@5ab63a04]]>
              </value>
            </param>
          </params>
          <reporter-output>
          </reporter-output>
        </test-method> <!-- setUpClass -->
        <test-method signature="runScenario(io.cucumber.testng.PickleWrapper,io.cucumber.testng.FeatureWrapper)[pri:0, instance:runner1.DsAlgoRunner@128d2484]" started-at="2023-04-05T00:57:30 EDT" name="runScenario" description="Runs Cucumber Scenarios" data-provider="scenarios" finished-at="2023-04-05T00:57:43 EDT" duration-ms="13211" status="PASS">
          <params>
            <param index="0">
              <value>
                <![CDATA["user try to click GetStart button without signingIn"]]>
              </value>
            </param>
            <param index="1">
              <value>
                <![CDATA["Register page"]]>
              </value>
            </param>
          </params>
          <reporter-output>
          </reporter-output>
        </test-method> <!-- runScenario -->
        <test-method signature="runScenario(io.cucumber.testng.PickleWrapper,io.cucumber.testng.FeatureWrapper)[pri:0, instance:runner1.DsAlgoRunner@128d2484]" started-at="2023-04-05T00:57:43 EDT" name="runScenario" description="Runs Cucumber Scenarios" data-provider="scenarios" finished-at="2023-04-05T00:57:47 EDT" duration-ms="4460" status="PASS">
          <params>
            <param index="0">
              <value>
                <![CDATA["Registeration for new user with invalid data"]]>
              </value>
            </param>
            <param index="1">
              <value>
                <![CDATA["Register page"]]>
              </value>
            </param>
          </params>
          <reporter-output>
          </reporter-output>
        </test-method> <!-- runScenario -->
        <test-method signature="runScenario(io.cucumber.testng.PickleWrapper,io.cucumber.testng.FeatureWrapper)[pri:0, instance:runner1.DsAlgoRunner@128d2484]" started-at="2023-04-05T00:57:47 EDT" name="runScenario" description="Runs Cucumber Scenarios" data-provider="scenarios" finished-at="2023-04-05T00:57:52 EDT" duration-ms="4400" status="PASS">
          <params>
            <param index="0">
              <value>
                <![CDATA["Registeration for new user with invalid data"]]>
              </value>
            </param>
            <param index="1">
              <value>
                <![CDATA["Register page"]]>
              </value>
            </param>
          </params>
          <reporter-output>
          </reporter-output>
        </test-method> <!-- runScenario -->
        <test-method signature="runScenario(io.cucumber.testng.PickleWrapper,io.cucumber.testng.FeatureWrapper)[pri:0, instance:runner1.DsAlgoRunner@128d2484]" started-at="2023-04-05T00:57:52 EDT" name="runScenario" description="Runs Cucumber Scenarios" data-provider="scenarios" finished-at="2023-04-05T00:57:56 EDT" duration-ms="4453" status="PASS">
          <params>
            <param index="0">
              <value>
                <![CDATA["Registeration for new user with invalid data"]]>
              </value>
            </param>
            <param index="1">
              <value>
                <![CDATA["Register page"]]>
              </value>
            </param>
          </params>
          <reporter-output>
          </reporter-output>
        </test-method> <!-- runScenario -->
        <test-method signature="runScenario(io.cucumber.testng.PickleWrapper,io.cucumber.testng.FeatureWrapper)[pri:0, instance:runner1.DsAlgoRunner@128d2484]" started-at="2023-04-05T00:57:56 EDT" name="runScenario" description="Runs Cucumber Scenarios" data-provider="scenarios" finished-at="2023-04-05T00:58:03 EDT" duration-ms="6919" status="PASS">
          <params>
            <param index="0">
              <value>
                <![CDATA["Register for new user"]]>
              </value>
            </param>
            <param index="1">
              <value>
                <![CDATA["Register page"]]>
              </value>
            </param>
          </params>
          <reporter-output>
          </reporter-output>
        </test-method> <!-- runScenario -->
        <test-method signature="runScenario(io.cucumber.testng.PickleWrapper,io.cucumber.testng.FeatureWrapper)[pri:0, instance:runner1.DsAlgoRunner@128d2484]" started-at="2023-04-05T00:58:03 EDT" name="runScenario" description="Runs Cucumber Scenarios" data-provider="scenarios" finished-at="2023-04-05T00:58:08 EDT" duration-ms="5191" status="PASS">
          <params>
            <param index="0">
              <value>
                <![CDATA["user is redirected to sign in page"]]>
              </value>
            </param>
            <param index="1">
              <value>
                <![CDATA["SignIn Page"]]>
              </value>
            </param>
          </params>
          <reporter-output>
          </reporter-output>
        </test-method> <!-- runScenario -->
        <test-method signature="runScenario(io.cucumber.testng.PickleWrapper,io.cucumber.testng.FeatureWrapper)[pri:0, instance:runner1.DsAlgoRunner@128d2484]" started-at="2023-04-05T00:58:08 EDT" name="runScenario" description="Runs Cucumber Scenarios" data-provider="scenarios" finished-at="2023-04-05T00:58:13 EDT" duration-ms="4467" status="PASS">
          <params>
            <param index="0">
              <value>
                <![CDATA["User navigates to DataStructure module"]]>
              </value>
            </param>
            <param index="1">
              <value>
                <![CDATA["DataStructure module"]]>
              </value>
            </param>
          </params>
          <reporter-output>
          </reporter-output>
        </test-method> <!-- runScenario -->
        <test-method is-config="true" signature="tearDownClass()[pri:0, instance:runner1.DsAlgoRunner@128d2484]" started-at="2023-04-05T00:58:13 EDT" name="tearDownClass" finished-at="2023-04-05T00:58:13 EDT" duration-ms="52" status="PASS">
          <reporter-output>
          </reporter-output>
        </test-method> <!-- tearDownClass -->
      </class> <!-- runner1.DsAlgoRunner -->
    </test> <!-- Default test -->
  </suite> <!-- Default suite -->
</testng-results>
