<?xml version="1.0" encoding="UTF-8"?>
<testng-results ignored="0" total="12" passed="10" failed="2" skipped="0">
  <reporter-output>
  </reporter-output>
  <suite started-at="2023-04-06T18:38:52 EDT" name="Default suite" finished-at="2023-04-06T18:39:50 EDT" duration-ms="58150">
    <groups>
      <group name="cucumber">
        <method signature="AbstractTestNGCucumberTests.runScenario(io.cucumber.testng.PickleWrapper,io.cucumber.testng.FeatureWrapper)[pri:0, instance:runner1.DsAlgoRunner@128d2484]" name="runScenario" class="io.cucumber.testng.AbstractTestNGCucumberTests"/>
      </group> <!-- cucumber -->
    </groups>
    <test started-at="2023-04-06T18:38:52 EDT" name="Default test" finished-at="2023-04-06T18:39:50 EDT" duration-ms="58150">
      <class name="runner1.DsAlgoRunner">
        <test-method is-config="true" signature="setUpClass(org.testng.ITestContext)[pri:0, instance:runner1.DsAlgoRunner@128d2484]" started-at="2023-04-06T18:38:52 EDT" name="setUpClass" finished-at="2023-04-06T18:38:52 EDT" duration-ms="739" status="PASS">
          <params>
            <param index="0">
              <value>
                <![CDATA[org.testng.TestRunner@2b2a4332]]>
              </value>
            </param>
          </params>
          <reporter-output>
          </reporter-output>
        </test-method> <!-- setUpClass -->
        <test-method signature="runScenario(io.cucumber.testng.PickleWrapper,io.cucumber.testng.FeatureWrapper)[pri:0, instance:runner1.DsAlgoRunner@128d2484]" started-at="2023-04-06T18:38:52 EDT" name="runScenario" description="Runs Cucumber Scenarios" data-provider="scenarios" finished-at="2023-04-06T18:39:05 EDT" duration-ms="12856" status="PASS">
          <params>
            <param index="0">
              <value>
                <![CDATA["user try to click GetStart button without signingIn"]]>
              </value>
            </param>
            <param index="1">
              <value>
                <![CDATA["Register page"]]>
              </value>
            </param>
          </params>
          <reporter-output>
          </reporter-output>
        </test-method> <!-- runScenario -->
        <test-method signature="runScenario(io.cucumber.testng.PickleWrapper,io.cucumber.testng.FeatureWrapper)[pri:0, instance:runner1.DsAlgoRunner@128d2484]" started-at="2023-04-06T18:39:05 EDT" name="runScenario" description="Runs Cucumber Scenarios" data-provider="scenarios" finished-at="2023-04-06T18:39:10 EDT" duration-ms="4609" status="PASS">
          <params>
            <param index="0">
              <value>
                <![CDATA["Registeration for new user with invalid data"]]>
              </value>
            </param>
            <param index="1">
              <value>
                <![CDATA["Register page"]]>
              </value>
            </param>
          </params>
          <reporter-output>
          </reporter-output>
        </test-method> <!-- runScenario -->
        <test-method signature="runScenario(io.cucumber.testng.PickleWrapper,io.cucumber.testng.FeatureWrapper)[pri:0, instance:runner1.DsAlgoRunner@128d2484]" started-at="2023-04-06T18:39:10 EDT" name="runScenario" description="Runs Cucumber Scenarios" data-provider="scenarios" finished-at="2023-04-06T18:39:15 EDT" duration-ms="4915" status="PASS">
          <params>
            <param index="0">
              <value>
                <![CDATA["Registeration for new user with invalid data"]]>
              </value>
            </param>
            <param index="1">
              <value>
                <![CDATA["Register page"]]>
              </value>
            </param>
          </params>
          <reporter-output>
          </reporter-output>
        </test-method> <!-- runScenario -->
        <test-method signature="runScenario(io.cucumber.testng.PickleWrapper,io.cucumber.testng.FeatureWrapper)[pri:0, instance:runner1.DsAlgoRunner@128d2484]" started-at="2023-04-06T18:39:15 EDT" name="runScenario" description="Runs Cucumber Scenarios" data-provider="scenarios" finished-at="2023-04-06T18:39:19 EDT" duration-ms="4590" status="PASS">
          <params>
            <param index="0">
              <value>
                <![CDATA["Registeration for new user with invalid data"]]>
              </value>
            </param>
            <param index="1">
              <value>
                <![CDATA["Register page"]]>
              </value>
            </param>
          </params>
          <reporter-output>
          </reporter-output>
        </test-method> <!-- runScenario -->
        <test-method signature="runScenario(io.cucumber.testng.PickleWrapper,io.cucumber.testng.FeatureWrapper)[pri:0, instance:runner1.DsAlgoRunner@128d2484]" started-at="2023-04-06T18:39:19 EDT" name="runScenario" description="Runs Cucumber Scenarios" data-provider="scenarios" finished-at="2023-04-06T18:39:26 EDT" duration-ms="6420" status="FAIL">
          <params>
            <param index="0">
              <value>
                <![CDATA["Register for new user"]]>
              </value>
            </param>
            <param index="1">
              <value>
                <![CDATA["Register page"]]>
              </value>
            </param>
          </params>
          <exception class="org.junit.ComparisonFailure">
            <message>
              <![CDATA[expected:<[Registration]> but was:<[NumpyNinja]>]]>
            </message>
            <full-stacktrace>
              <![CDATA[org.junit.ComparisonFailure: expected:<[Registration]> but was:<[NumpyNinja]>
at org.junit.Assert.assertEquals(Assert.java:117)
at org.junit.Assert.assertEquals(Assert.java:146)
at stepDefinition.Register_Step.user_navigated_to_numpy_ninja_home_page(Register_Step.java:77)
at ✽.user navigated to NumpyNinja Home page(file:///C:/Users/saisn/eclipse-workspace/DsAlgo/src/test/resources/FeatureFiles/1_Lnch_Reg.feature:51)
]]>
            </full-stacktrace>
          </exception> <!-- org.junit.ComparisonFailure -->
          <reporter-output>
          </reporter-output>
        </test-method> <!-- runScenario -->
        <test-method signature="runScenario(io.cucumber.testng.PickleWrapper,io.cucumber.testng.FeatureWrapper)[pri:0, instance:runner1.DsAlgoRunner@128d2484]" started-at="2023-04-06T18:39:26 EDT" name="runScenario" description="Runs Cucumber Scenarios" data-provider="scenarios" finished-at="2023-04-06T18:39:31 EDT" duration-ms="5275" status="PASS">
          <params>
            <param index="0">
              <value>
                <![CDATA["user is redirected to sign in page"]]>
              </value>
            </param>
            <param index="1">
              <value>
                <![CDATA["SignIn Page"]]>
              </value>
            </param>
          </params>
          <reporter-output>
          </reporter-output>
        </test-method> <!-- runScenario -->
        <test-method signature="runScenario(io.cucumber.testng.PickleWrapper,io.cucumber.testng.FeatureWrapper)[pri:0, instance:runner1.DsAlgoRunner@128d2484]" started-at="2023-04-06T18:39:31 EDT" name="runScenario" description="Runs Cucumber Scenarios" data-provider="scenarios" finished-at="2023-04-06T18:39:34 EDT" duration-ms="2684" status="PASS">
          <params>
            <param index="0">
              <value>
                <![CDATA["User navigates to DataStructure module"]]>
              </value>
            </param>
            <param index="1">
              <value>
                <![CDATA["DataStructure module"]]>
              </value>
            </param>
          </params>
          <reporter-output>
          </reporter-output>
        </test-method> <!-- runScenario -->
        <test-method signature="runScenario(io.cucumber.testng.PickleWrapper,io.cucumber.testng.FeatureWrapper)[pri:0, instance:runner1.DsAlgoRunner@128d2484]" started-at="2023-04-06T18:39:34 EDT" name="runScenario" description="Runs Cucumber Scenarios" data-provider="scenarios" finished-at="2023-04-06T18:39:34 EDT" duration-ms="386" status="PASS">
          <params>
            <param index="0">
              <value>
                <![CDATA["user is trying to access TimeComplexity"]]>
              </value>
            </param>
            <param index="1">
              <value>
                <![CDATA["DataStructure module"]]>
              </value>
            </param>
          </params>
          <reporter-output>
          </reporter-output>
        </test-method> <!-- runScenario -->
        <test-method signature="runScenario(io.cucumber.testng.PickleWrapper,io.cucumber.testng.FeatureWrapper)[pri:0, instance:runner1.DsAlgoRunner@128d2484]" started-at="2023-04-06T18:39:34 EDT" name="runScenario" description="Runs Cucumber Scenarios" data-provider="scenarios" finished-at="2023-04-06T18:39:36 EDT" duration-ms="2128" status="PASS">
          <params>
            <param index="0">
              <value>
                <![CDATA["user is trying to click TryHere button"]]>
              </value>
            </param>
            <param index="1">
              <value>
                <![CDATA["DataStructure module"]]>
              </value>
            </param>
          </params>
          <reporter-output>
          </reporter-output>
        </test-method> <!-- runScenario -->
        <test-method signature="runScenario(io.cucumber.testng.PickleWrapper,io.cucumber.testng.FeatureWrapper)[pri:0, instance:runner1.DsAlgoRunner@128d2484]" started-at="2023-04-06T18:39:36 EDT" name="runScenario" description="Runs Cucumber Scenarios" data-provider="scenarios" finished-at="2023-04-06T18:39:47 EDT" duration-ms="10282" status="FAIL">
          <params>
            <param index="0">
              <value>
                <![CDATA["User navigates to Stack module"]]>
              </value>
            </param>
            <param index="1">
              <value>
                <![CDATA["Stack module"]]>
              </value>
            </param>
          </params>
          <exception class="org.openqa.selenium.NoSuchElementException">
            <message>
              <![CDATA[no such element: Unable to locate element: {"method":"xpath","selector":"//a[@href='stack']"}
  (Session info: chrome=112.0.5615.49)
For documentation on this error, please visit: https://selenium.dev/exceptions/#no_such_element
Build info: version: '4.8.3', revision: 'e5e76298c3'
System info: os.name: 'Windows 11', os.arch: 'amd64', os.version: '10.0', java.version: '19.0.2'
Driver info: org.openqa.selenium.chrome.ChromeDriver
Command: [21bf4356c299df01a46efc2c19db784b, findElement {using=xpath, value=//a[@href='stack']}]
Capabilities {acceptInsecureCerts: false, browserName: chrome, browserVersion: 112.0.5615.49, chrome: {chromedriverVersion: 112.0.5615.49 (bd2a7bcb881c..., userDataDir: C:\Users\saisn\AppData\Loca...}, goog:chromeOptions: {debuggerAddress: localhost:61892}, networkConnectionEnabled: false, pageLoadStrategy: normal, platformName: WINDOWS, proxy: Proxy(), se:cdp: ws://localhost:61892/devtoo..., se:cdpVersion: 112.0.5615.49, setWindowRect: true, strictFileInteractability: false, timeouts: {implicit: 0, pageLoad: 300000, script: 30000}, unhandledPromptBehavior: dismiss and notify, webauthn:extension:credBlob: true, webauthn:extension:largeBlob: true, webauthn:extension:minPinLength: true, webauthn:extension:prf: true, webauthn:virtualAuthenticators: true}
Session ID: 21bf4356c299df01a46efc2c19db784b]]>
            </message>
            <full-stacktrace>
              <![CDATA[org.openqa.selenium.NoSuchElementException: no such element: Unable to locate element: {"method":"xpath","selector":"//a[@href='stack']"}
  (Session info: chrome=112.0.5615.49)
For documentation on this error, please visit: https://selenium.dev/exceptions/#no_such_element
Build info: version: '4.8.3', revision: 'e5e76298c3'
System info: os.name: 'Windows 11', os.arch: 'amd64', os.version: '10.0', java.version: '19.0.2'
Driver info: org.openqa.selenium.chrome.ChromeDriver
Command: [21bf4356c299df01a46efc2c19db784b, findElement {using=xpath, value=//a[@href='stack']}]
Capabilities {acceptInsecureCerts: false, browserName: chrome, browserVersion: 112.0.5615.49, chrome: {chromedriverVersion: 112.0.5615.49 (bd2a7bcb881c..., userDataDir: C:\Users\saisn\AppData\Loca...}, goog:chromeOptions: {debuggerAddress: localhost:61892}, networkConnectionEnabled: false, pageLoadStrategy: normal, platformName: WINDOWS, proxy: Proxy(), se:cdp: ws://localhost:61892/devtoo..., se:cdpVersion: 112.0.5615.49, setWindowRect: true, strictFileInteractability: false, timeouts: {implicit: 0, pageLoad: 300000, script: 30000}, unhandledPromptBehavior: dismiss and notify, webauthn:extension:credBlob: true, webauthn:extension:largeBlob: true, webauthn:extension:minPinLength: true, webauthn:extension:prf: true, webauthn:virtualAuthenticators: true}
Session ID: 21bf4356c299df01a46efc2c19db784b
at java.base/jdk.internal.reflect.DirectConstructorHandleAccessor.newInstance(DirectConstructorHandleAccessor.java:67)
at java.base/java.lang.reflect.Constructor.newInstanceWithCaller(Constructor.java:500)
at java.base/java.lang.reflect.Constructor.newInstance(Constructor.java:484)
at org.openqa.selenium.remote.codec.w3c.W3CHttpResponseCodec.createException(W3CHttpResponseCodec.java:200)
at org.openqa.selenium.remote.codec.w3c.W3CHttpResponseCodec.decode(W3CHttpResponseCodec.java:133)
at org.openqa.selenium.remote.codec.w3c.W3CHttpResponseCodec.decode(W3CHttpResponseCodec.java:53)
at org.openqa.selenium.remote.HttpCommandExecutor.execute(HttpCommandExecutor.java:193)
at org.openqa.selenium.remote.service.DriverCommandExecutor.invokeExecute(DriverCommandExecutor.java:183)
at org.openqa.selenium.remote.service.DriverCommandExecutor.execute(DriverCommandExecutor.java:158)
at org.openqa.selenium.remote.RemoteWebDriver.execute(RemoteWebDriver.java:543)
at org.openqa.selenium.remote.ElementLocation$ElementFinder$2.findElement(ElementLocation.java:162)
at org.openqa.selenium.remote.ElementLocation.findElement(ElementLocation.java:60)
at org.openqa.selenium.remote.RemoteWebDriver.findElement(RemoteWebDriver.java:352)
at org.openqa.selenium.remote.RemoteWebDriver.findElement(RemoteWebDriver.java:344)
at org.openqa.selenium.support.pagefactory.DefaultElementLocator.findElement(DefaultElementLocator.java:70)
at org.openqa.selenium.support.pagefactory.internal.LocatingElementHandler.invoke(LocatingElementHandler.java:39)
at jdk.proxy2/jdk.proxy2.$Proxy41.click(Unknown Source)
at com.pages.Stack_Page.StackGetStart(Stack_Page.java:37)
at stepDefinition.Stack_Step.user_clicks_on_stack_module_s_get_start_button(Stack_Step.java:27)
at ✽.User clicks on stack module's get start button(file:///C:/Users/saisn/eclipse-workspace/DsAlgo/src/test/resources/FeatureFiles/6_Stack.feature:23)
]]>
            </full-stacktrace>
          </exception> <!-- org.openqa.selenium.NoSuchElementException -->
          <reporter-output>
          </reporter-output>
        </test-method> <!-- runScenario -->
        <test-method signature="runScenario(io.cucumber.testng.PickleWrapper,io.cucumber.testng.FeatureWrapper)[pri:0, instance:runner1.DsAlgoRunner@128d2484]" started-at="2023-04-06T18:39:47 EDT" name="runScenario" description="Runs Cucumber Scenarios" data-provider="scenarios" finished-at="2023-04-06T18:39:49 EDT" duration-ms="2513" status="PASS">
          <params>
            <param index="0">
              <value>
                <![CDATA["User navigates to operations in stack"]]>
              </value>
            </param>
            <param index="1">
              <value>
                <![CDATA["Stack module"]]>
              </value>
            </param>
          </params>
          <reporter-output>
          </reporter-output>
        </test-method> <!-- runScenario -->
        <test-method signature="runScenario(io.cucumber.testng.PickleWrapper,io.cucumber.testng.FeatureWrapper)[pri:0, instance:runner1.DsAlgoRunner@128d2484]" started-at="2023-04-06T18:39:49 EDT" name="runScenario" description="Runs Cucumber Scenarios" data-provider="scenarios" finished-at="2023-04-06T18:39:50 EDT" duration-ms="652" status="PASS">
          <params>
            <param index="0">
              <value>
                <![CDATA["User Clicks TryHere"]]>
              </value>
            </param>
            <param index="1">
              <value>
                <![CDATA["Stack module"]]>
              </value>
            </param>
          </params>
          <reporter-output>
          </reporter-output>
        </test-method> <!-- runScenario -->
        <test-method is-config="true" signature="tearDownClass()[pri:0, instance:runner1.DsAlgoRunner@128d2484]" started-at="2023-04-06T18:39:50 EDT" name="tearDownClass" finished-at="2023-04-06T18:39:50 EDT" duration-ms="40" status="PASS">
          <reporter-output>
          </reporter-output>
        </test-method> <!-- tearDownClass -->
      </class> <!-- runner1.DsAlgoRunner -->
    </test> <!-- Default test -->
  </suite> <!-- Default suite -->
</testng-results>
