<?xml version="1.0" encoding="UTF-8"?>
<!-- Generated by org.testng.reporters.JUnitReportReporter -->
<testsuite hostname="DESKTOP-01V5FL5" failures="1" tests="29" name="runner1.DsAlgoRunner" time="83.548" errors="0" timestamp="2023-04-07T22:39:35 EDT" skipped="0">
  <testcase classname="runner1.DsAlgoRunner" name="runScenario" time="2.631"/>
  <system-out/>
  <testcase classname="runner1.DsAlgoRunner" name="runScenario" time="0.601"/>
  <system-out/>
  <testcase classname="runner1.DsAlgoRunner" name="runScenario" time="6.488"/>
  <system-out/>
  <testcase classname="runner1.DsAlgoRunner" name="runScenario" time="6.704"/>
  <system-out/>
  <testcase classname="runner1.DsAlgoRunner" name="runScenario" time="4.469"/>
  <system-out/>
  <testcase classname="runner1.DsAlgoRunner" name="runScenario" time="4.265"/>
  <system-out/>
  <testcase classname="runner1.DsAlgoRunner" name="runScenario" time="0.333"/>
  <system-out/>
  <testcase classname="runner1.DsAlgoRunner" name="runScenario" time="2.644"/>
  <system-out/>
  <testcase classname="runner1.DsAlgoRunner" name="runScenario" time="0.502"/>
  <system-out/>
  <testcase classname="runner1.DsAlgoRunner" name="runScenario" time="2.638"/>
  <system-out/>
  <testcase classname="runner1.DsAlgoRunner" name="runScenario" time="0.428"/>
  <system-out/>
  <testcase classname="runner1.DsAlgoRunner" name="runScenario" time="2.653"/>
  <system-out/>
  <testcase classname="runner1.DsAlgoRunner" name="runScenario" time="2.653"/>
  <system-out/>
  <testcase classname="runner1.DsAlgoRunner" name="runScenario" time="1.754"/>
  <system-out/>
  <testcase classname="runner1.DsAlgoRunner" name="runScenario" time="0.412"/>
  <system-out/>
  <testcase classname="runner1.DsAlgoRunner" name="runScenario" time="0.488"/>
  <system-out/>
  <testcase classname="runner1.DsAlgoRunner" name="runScenario" time="2.630"/>
  <system-out/>
  <testcase classname="runner1.DsAlgoRunner" name="runScenario" time="0.530"/>
  <system-out/>
  <testcase classname="runner1.DsAlgoRunner" name="runScenario" time="0.594"/>
  <system-out/>
  <testcase classname="runner1.DsAlgoRunner" name="runScenario" time="12.816"/>
  <system-out/>
  <testcase classname="runner1.DsAlgoRunner" name="runScenario" time="0.610"/>
  <system-out/>
  <testcase classname="runner1.DsAlgoRunner" name="runScenario" time="6.585"/>
  <system-out/>
  <testcase classname="runner1.DsAlgoRunner" name="runScenario" time="0.581"/>
  <system-out/>
  <testcase classname="runner1.DsAlgoRunner" name="runScenario" time="0.325">
    <failure message="expected [Application] but found [Applications]" type="java.lang.AssertionError">
      <![CDATA[java.lang.AssertionError: expected [Application] but found [Applications]
at org.testng.Assert.fail(Assert.java:99)
at org.testng.Assert.failNotEquals(Assert.java:1037)
at org.testng.Assert.assertEqualsImpl(Assert.java:140)
at org.testng.Assert.assertEquals(Assert.java:122)
at org.testng.Assert.assertEquals(Assert.java:629)
at org.testng.Assert.assertEquals(Assert.java:639)
at com.qa.util.ElementUtil.EqualAssert(ElementUtil.java:19)
at stepDefinition.Stack_Step.user_launches_on_applications_in_stack_page(Stack_Step.java:93)
at ✽.User launches on Applications in stack page(file:///C:/Users/saisn/eclipse-workspace/DsAlgo/src/test/resources/FeatureFiles/6_Stack.feature:79)
]]>
    </failure>
  </testcase> <!-- runScenario -->
  <system-out/>
  <testcase classname="runner1.DsAlgoRunner" name="runScenario" time="6.505"/>
  <system-out/>
  <testcase classname="runner1.DsAlgoRunner" name="runScenario" time="4.310"/>
  <system-out/>
  <testcase classname="runner1.DsAlgoRunner" name="runScenario" time="2.603"/>
  <system-out/>
  <testcase classname="runner1.DsAlgoRunner" name="runScenario" time="5.113"/>
  <system-out/>
  <testcase classname="runner1.DsAlgoRunner" name="runScenario" time="0.683"/>
  <system-out/>
</testsuite> <!-- runner1.DsAlgoRunner -->
